<?xml version="1.0" encoding="UTF-8"?>
<!-- Generated by org.testng.reporters.JUnitReportReporter -->
<testsuite hostname="Karna-PC" failures="0" tests="1" name="dbconnection.Db2ExcelExport" time="2.051" errors="0" timestamp="2022-09-28T12:07:17 IST" skipped="0">
  <testcase classname="dbconnection.Db2ExcelExport" name="export" time="2.051"/>
  <system-out/>
</testsuite> <!-- dbconnection.Db2ExcelExport -->
