<?xml version="1.0" encoding="UTF-8"?>
<!-- Generated by org.testng.reporters.JUnitReportReporter -->
<testsuite hostname="Karna-PC" failures="0" tests="1" name="learning.Login" time="6.915" errors="0" timestamp="2022-06-13T16:18:02 IST" skipped="0">
  <testcase classname="learning.Login" name="login" time="6.915"/>
  <system-out/>
</testsuite> <!-- learning.Login -->
