<?xml version="1.0" encoding="UTF-8"?>
<!-- Generated by org.testng.reporters.JUnitReportReporter -->
<testsuite hostname="Karna-PC" failures="0" tests="1" name="aspireloadreversal.FetchCustomerByMobile" time="6.138" errors="0" timestamp="2022-06-08T15:26:20 IST" skipped="0">
  <testcase classname="aspireloadreversal.FetchCustomerByMobile" name="cusByMobile" time="6.138"/>
  <system-out/>
</testsuite> <!-- aspireloadreversal.FetchCustomerByMobile -->
