<?xml version="1.0" encoding="UTF-8"?>
<!-- Generated by org.testng.reporters.JUnitReportReporter -->
<testsuite hostname="Karna-PC" failures="0" tests="1" name="aspireloadreversal.LoadWallet" time="6.398" errors="0" timestamp="2022-07-18T13:18:27 IST" skipped="0">
  <testcase classname="aspireloadreversal.LoadWallet" name="loadReversal" time="6.398"/>
  <system-out/>
</testsuite> <!-- aspireloadreversal.LoadWallet -->
